#
# A fatal error has been detected by the Java Runtime Environment:
#
#  EXCEPTION_ACCESS_VIOLATION (0xc0000005) at pc=0x00007ff93ef18450, pid=32, tid=6908
#
# JRE version: OpenJDK Runtime Environment Temurin-17.0.6+10 (17.0.6+10) (build 17.0.6+10)
# Java VM: OpenJDK 64-Bit Server VM Temurin-17.0.6+10 (17.0.6+10, mixed mode, tiered, compressed oops, compressed class ptrs, g1 gc, windows-amd64)
# Problematic frame:
# V  [jvm.dll+0x368450]
#
# No core dump will be written. Minidumps are not enabled by default on client versions of Windows
#
# If you would like to submit a bug report, please visit:
#   https://github.com/adoptium/adoptium-support/issues
#

---------------  S U M M A R Y ------------

Command Line: -ea -Dfile.encoding=UTF-8 -XX:+ShowCodeDetailsInExceptionMessages org.eclipse.jdt.internal.junit.runner.RemoteTestRunner -version 3 -port 51850 -testLoaderClass org.eclipse.jdt.internal.junit5.runner.JUnit5TestLoader -loaderpluginname org.eclipse.jdt.junit5.runtime -classNames com.axis.LoginServiceApplicationTests

Host: AMD Ryzen 5 3550H with Radeon Vega Mobile Gfx  , 8 cores, 5G,  Windows 10 , 64 bit Build 19041 (10.0.19041.2251)
Time: Tue Aug  1 19:52:47 2023 India Standard Time elapsed time: 0.883600 seconds (0d 0h 0m 0s)

---------------  T H R E A D  ---------------

Current thread (0x000001db7288c560):  JavaThread "C2 CompilerThread0" daemon [_thread_in_native, id=6908, stack(0x0000001bfb700000,0x0000001bfb800000)]


Current CompileTask:
C2:    883  478       4       java.util.jar.JarFile::getEntry (35 bytes)

Stack: [0x0000001bfb700000,0x0000001bfb800000],  sp=0x0000001bfb7fb860,  free space=1006k
Native frames: (J=compiled Java code, j=interpreted, Vv=VM code, C=native code)
V  [jvm.dll+0x368450]
V  [jvm.dll+0x3618a1]
V  [jvm.dll+0x1bbda5]
V  [jvm.dll+0x218749]
V  [jvm.dll+0x217a11]
V  [jvm.dll+0x1a3d0d]
V  [jvm.dll+0x22742a]
V  [jvm.dll+0x225565]
V  [jvm.dll+0x7ea2cb]
V  [jvm.dll+0x7e483a]
V  [jvm.dll+0x6762c5]
C  [ucrtbase.dll+0x21bb2]
C  [KERNEL32.DLL+0x174b4]
C  [ntdll.dll+0x526a1]


siginfo: EXCEPTION_ACCESS_VIOLATION (0xc0000005), reading address 0x000001db343e9200


Register to memory mapping:

RIP=0x00007ff93ef18450 jvm.dll
RAX=0x0 is NULL
RBX=0x0000001bfb7fb8b0 is pointing into the stack for thread: 0x000001db7288c560
RCX=0x0 is NULL
RDX=0x000001db343e9200 is an unknown value
RSP=0x0000001bfb7fb860 is pointing into the stack for thread: 0x000001db7288c560
RBP=0x0000001bfb7fb9c0 is pointing into the stack for thread: 0x000001db7288c560
RSI=0x00007ff93f71ae38 jvm.dll
RDI=0x0000000000000006 is an unknown value
R8 =0x000001db7458fa70 points into unknown readable memory: 0x0000000d00000012 | 12 00 00 00 0d 00 00 00
R9 =0x0000000000000004 is an unknown value
R10=0x0000000000000003 is an unknown value
R11=0x000001db743e9120 points into unknown readable memory: 0x0000003e00000000 | 00 00 00 00 3e 00 00 00
R12=0x0 is NULL
R13=0x000001db57c53ec0 points into unknown readable memory: 0x0000000000000000 | 00 00 00 00 00 00 00 00
R14=0x0000000000000024 is an unknown value
R15=0x00007ff93f71ae38 jvm.dll


Registers:
RAX=0x0000000000000000, RBX=0x0000001bfb7fb8b0, RCX=0x0000000000000000, RDX=0x000001db343e9200
RSP=0x0000001bfb7fb860, RBP=0x0000001bfb7fb9c0, RSI=0x00007ff93f71ae38, RDI=0x0000000000000006
R8 =0x000001db7458fa70, R9 =0x0000000000000004, R10=0x0000000000000003, R11=0x000001db743e9120
R12=0x0000000000000000, R13=0x000001db57c53ec0, R14=0x0000000000000024, R15=0x00007ff93f71ae38
RIP=0x00007ff93ef18450, EFLAGS=0x0000000000010246

Top of Stack: (sp=0x0000001bfb7fb860)
0x0000001bfb7fb860:   000001db728864f0 000001db742b2f00
0x0000001bfb7fb870:   00000000000fa7c0 00007ff93f511658
0x0000001bfb7fb880:   000001db7458ab10 00007ff93ef118a1
0x0000001bfb7fb890:   0000000000000ca4 0000000000000ca4
0x0000001bfb7fb8a0:   000001db72886400 0000000000000000
0x0000001bfb7fb8b0:   0000000000000000 0000000400000000
0x0000001bfb7fb8c0:   0000000d00000000 000001db343e9200
0x0000001bfb7fb8d0:   000001db7458fa80 000001db7458fa70
0x0000001bfb7fb8e0:   00000000000003d8 0000000000000000
0x0000001bfb7fb8f0:   0000001bfb7fba00 00007ff93ed6bda5
0x0000001bfb7fb900:   0000001bfb7fbd60 0000001bfb7fbe40
0x0000001bfb7fb910:   000001db7341eb00 000001db7341eaf0
0x0000001bfb7fb920:   0000000000000000 0000000000000000
0x0000001bfb7fb930:   0000000000000006 000001db7341eaf0
0x0000001bfb7fb940:   000001db742bafc0 000001db742bbc90
0x0000001bfb7fb950:   000001db742c2fa8 00000000001b4f60 

Instructions: (pc=0x00007ff93ef18450)
0x00007ff93ef18350:   48 8b a8 80 00 00 00 48 8b 8d d0 08 00 00 48 85
0x00007ff93ef18360:   c9 75 0c e8 e8 0b 00 00 48 8b 8d d0 08 00 00 48
0x00007ff93ef18370:   8b 01 0f 57 c0 48 89 85 d0 08 00 00 0f 11 01 0f
0x00007ff93ef18380:   11 41 10 41 0f 10 06 0f 11 01 41 0f 10 4e 10 0f
0x00007ff93ef18390:   11 49 10 48 8b 43 08 48 89 0c 06 ff c7 ba 50 00
0x00007ff93ef183a0:   00 00 3b bb 90 00 00 00 0f 82 62 ff ff ff 4c 8b
0x00007ff93ef183b0:   74 24 60 4c 8b 6c 24 58 4c 8b 64 24 50 48 8b c3
0x00007ff93ef183c0:   48 83 c4 20 41 5f 5f 5e 5d 5b c3 cc cc cc cc cc
0x00007ff93ef183d0:   40 53 48 83 ec 20 8b 51 0c 48 8b d9 83 fa 04 73
0x00007ff93ef183e0:   2a 4c 8b 59 18 66 66 66 0f 1f 84 00 00 00 00 00
0x00007ff93ef183f0:   44 8b d2 44 8d 4a 01 4b 83 3c d3 00 0f 85 8f 00
0x00007ff93ef18400:   00 00 41 8b d1 41 83 f9 04 72 e5 48 89 74 24 30
0x00007ff93ef18410:   48 89 7c 24 38 8b 79 10 3b 79 14 73 62 48 8d 35
0x00007ff93ef18420:   14 2a 80 00 0f 1f 40 00 0f 1f 84 00 00 00 00 00
0x00007ff93ef18430:   48 8b 43 20 8b cf 48 8b 14 c8 48 3b d6 74 39 33
0x00007ff93ef18440:   c0 48 89 53 18 33 c9 66 0f 1f 84 00 00 00 00 00
0x00007ff93ef18450:   48 83 3c 11 00 44 8d 48 01 75 6f 48 83 c1 08 41
0x00007ff93ef18460:   8b c1 41 83 f9 04 72 e8 48 8b 4b 28 48 85 c9 74
0x00007ff93ef18470:   07 8b d7 e8 58 01 00 00 ff c7 3b 7b 14 72 b1 48
0x00007ff93ef18480:   8b 74 24 30 33 c0 48 8b 7c 24 38 48 83 c4 20 5b
0x00007ff93ef18490:   c3 8b 41 10 44 8d 04 82 41 c1 e0 06 41 81 c0 00
0x00007ff93ef184a0:   ff ff ff 44 89 41 08 4b 8b 14 d3 48 0f bc c2 44
0x00007ff93ef184b0:   89 49 0c 8b c8 48 d3 ea 48 ff ca 41 03 c0 48 89
0x00007ff93ef184c0:   13 89 43 08 48 83 c4 20 5b c3 48 8b 74 24 30 44
0x00007ff93ef184d0:   8d 04 b8 8b c8 8d 47 01 48 8b 7c 24 38 41 c1 e0
0x00007ff93ef184e0:   06 44 89 43 08 48 8b 14 ca 89 43 10 48 0f bc c2
0x00007ff93ef184f0:   44 89 4b 0c 8b c8 48 d3 ea 48 ff ca 41 03 c0 48
0x00007ff93ef18500:   89 13 89 43 08 48 83 c4 20 5b c3 cc cc cc cc cc
0x00007ff93ef18510:   40 53 48 83 ec 20 65 48 8b 04 25 58 00 00 00 8b
0x00007ff93ef18520:   0d d3 0f 84 00 48 8b 1c c8 b8 50 00 00 00 80 3c
0x00007ff93ef18530:   18 00 75 05 e8 47 6d 52 00 b8 20 00 00 00 48 8b
0x00007ff93ef18540:   04 18 48 8b 88 d0 04 00 00 48 8b 99 80 00 00 00 


Stack slot to memory mapping:
stack at sp + 0 slots: 0x000001db728864f0 points into unknown readable memory: 0x0001000c00000006 | 06 00 00 00 0c 00 01 00
stack at sp + 1 slots: 0x000001db742b2f00 points into unknown readable memory: 0x000001db72708f68 | 68 8f 70 72 db 01 00 00
stack at sp + 2 slots: 0x00000000000fa7c0 is an unknown value
stack at sp + 3 slots: 0x00007ff93f511658 jvm.dll
stack at sp + 4 slots: 0x000001db7458ab10 points into unknown readable memory: 0x0000000d000000d5 | d5 00 00 00 0d 00 00 00
stack at sp + 5 slots: 0x00007ff93ef118a1 jvm.dll
stack at sp + 6 slots: 0x0000000000000ca4 is an unknown value
stack at sp + 7 slots: 0x0000000000000ca4 is an unknown value


---------------  P R O C E S S  ---------------

Threads class SMR info:
_java_thread_list=0x000001db73fbfaf0, length=15, elements={
0x000001db57ba4860, 0x000001db728383c0, 0x000001db7283bea0, 0x000001db72886a30,
0x000001db728872f0, 0x000001db72887bb0, 0x000001db72888470, 0x000001db7288c560,
0x000001db7288ce60, 0x000001db7288db50, 0x000001db7358c260, 0x000001db73595b70,
0x000001db73b23090, 0x000001db737dfac0, 0x000001db73da7280
}

Java Threads: ( => current thread )
  0x000001db57ba4860 JavaThread "main" [_thread_in_native, id=6544, stack(0x0000001bfaa00000,0x0000001bfab00000)]
  0x000001db728383c0 JavaThread "Reference Handler" daemon [_thread_blocked, id=2324, stack(0x0000001bfb100000,0x0000001bfb200000)]
  0x000001db7283bea0 JavaThread "Finalizer" daemon [_thread_blocked, id=9644, stack(0x0000001bfb200000,0x0000001bfb300000)]
  0x000001db72886a30 JavaThread "Signal Dispatcher" daemon [_thread_blocked, id=5364, stack(0x0000001bfb300000,0x0000001bfb400000)]
  0x000001db728872f0 JavaThread "Attach Listener" daemon [_thread_blocked, id=15388, stack(0x0000001bfb400000,0x0000001bfb500000)]
  0x000001db72887bb0 JavaThread "Service Thread" daemon [_thread_blocked, id=4712, stack(0x0000001bfb500000,0x0000001bfb600000)]
  0x000001db72888470 JavaThread "Monitor Deflation Thread" daemon [_thread_blocked, id=9696, stack(0x0000001bfb600000,0x0000001bfb700000)]
=>0x000001db7288c560 JavaThread "C2 CompilerThread0" daemon [_thread_in_native, id=6908, stack(0x0000001bfb700000,0x0000001bfb800000)]
  0x000001db7288ce60 JavaThread "C1 CompilerThread0" daemon [_thread_blocked, id=4592, stack(0x0000001bfb800000,0x0000001bfb900000)]
  0x000001db7288db50 JavaThread "Sweeper thread" daemon [_thread_blocked, id=15296, stack(0x0000001bfb900000,0x0000001bfba00000)]
  0x000001db7358c260 JavaThread "Notification Thread" daemon [_thread_blocked, id=16412, stack(0x0000001bfba00000,0x0000001bfbb00000)]
  0x000001db73595b70 JavaThread "Common-Cleaner" daemon [_thread_blocked, id=6564, stack(0x0000001bfbc00000,0x0000001bfbd00000)]
  0x000001db73b23090 JavaThread "C2 CompilerThread1" daemon [_thread_in_native, id=2192, stack(0x0000001bfbd00000,0x0000001bfbe00000)]
  0x000001db737dfac0 JavaThread "C2 CompilerThread2" daemon [_thread_in_native, id=14964, stack(0x0000001bfbe00000,0x0000001bfbf00000)]
  0x000001db73da7280 JavaThread "ReaderThread" [_thread_in_native, id=1888, stack(0x0000001bfbf00000,0x0000001bfc000000)]

Other Threads:
  0x000001db7285cae0 VMThread "VM Thread" [stack: 0x0000001bfb000000,0x0000001bfb100000] [id=13328]
  0x000001db57c09170 WatcherThread [stack: 0x0000001bfbb00000,0x0000001bfbc00000] [id=4036]
  0x000001db57bf1a10 GCTaskThread "GC Thread#0" [stack: 0x0000001bfab00000,0x0000001bfac00000] [id=7236]
  0x000001db57bfece0 ConcurrentGCThread "G1 Main Marker" [stack: 0x0000001bfac00000,0x0000001bfad00000] [id=15420]
  0x000001db57bff4a0 ConcurrentGCThread "G1 Conc#0" [stack: 0x0000001bfad00000,0x0000001bfae00000] [id=11136]
  0x000001db57c54ec0 ConcurrentGCThread "G1 Refine#0" [stack: 0x0000001bfae00000,0x0000001bfaf00000] [id=14888]
  0x000001db57c55690 ConcurrentGCThread "G1 Service" [stack: 0x0000001bfaf00000,0x0000001bfb000000] [id=15260]

Threads with active compile tasks:
C2 CompilerThread0      935  478       4       java.util.jar.JarFile::getEntry (35 bytes)
C2 CompilerThread1      935  602       4       java.lang.StringUTF16::compress (50 bytes)
C2 CompilerThread2      935  550       4       java.io.WinNTFileSystem::normalize (143 bytes)

VM state: not at safepoint (normal execution)

VM Mutex/Monitor currently owned by a thread: None

Heap address: 0x00000000a0e00000, size: 1522 MB, Compressed Oops mode: 32-bit

CDS archive(s) not mapped
Compressed class space mapped at: 0x0000000100000000-0x0000000140000000, reserved size: 1073741824
Narrow klass base: 0x0000000000000000, Narrow klass shift: 3, Narrow klass range: 0x140000000

GC Precious Log:
 CPUs: 8 total, 8 available
 Memory: 6082M
 Large Page Support: Disabled
 NUMA Support: Disabled
 Compressed Oops: Enabled (32-bit)
 Heap Region Size: 1M
 Heap Min Capacity: 8M
 Heap Initial Capacity: 96M
 Heap Max Capacity: 1522M
 Pre-touch: Disabled
 Parallel Workers: 8
 Concurrent Workers: 2
 Concurrent Refinement Workers: 8
 Periodic GC: Disabled

Heap:
 garbage-first heap   total 98304K, used 14336K [0x00000000a0e00000, 0x0000000100000000)
  region size 1024K, 14 young (14336K), 0 survivors (0K)
 Metaspace       used 8629K, committed 8768K, reserved 1056768K
  class space    used 775K, committed 896K, reserved 1048576K

Heap Regions: E=young(eden), S=young(survivor), O=old, HS=humongous(starts), HC=humongous(continues), CS=collection set, F=free, OA=open archive, CA=closed archive, TAMS=top-at-mark-start (previous, next)
|   0|0x00000000a0e00000, 0x00000000a0f00000, 0x00000000a0f00000|100%|HS|  |TAMS 0x00000000a0e00000, 0x00000000a0e00000| Complete 
|   1|0x00000000a0f00000, 0x00000000a1000000, 0x00000000a1000000|100%|HS|  |TAMS 0x00000000a0f00000, 0x00000000a0f00000| Complete 
|   2|0x00000000a1000000, 0x00000000a1000000, 0x00000000a1100000|  0%| F|  |TAMS 0x00000000a1000000, 0x00000000a1000000| Untracked 
|   3|0x00000000a1100000, 0x00000000a1100000, 0x00000000a1200000|  0%| F|  |TAMS 0x00000000a1100000, 0x00000000a1100000| Untracked 
|   4|0x00000000a1200000, 0x00000000a1200000, 0x00000000a1300000|  0%| F|  |TAMS 0x00000000a1200000, 0x00000000a1200000| Untracked 
|   5|0x00000000a1300000, 0x00000000a1300000, 0x00000000a1400000|  0%| F|  |TAMS 0x00000000a1300000, 0x00000000a1300000| Untracked 
|   6|0x00000000a1400000, 0x00000000a1400000, 0x00000000a1500000|  0%| F|  |TAMS 0x00000000a1400000, 0x00000000a1400000| Untracked 
|   7|0x00000000a1500000, 0x00000000a1500000, 0x00000000a1600000|  0%| F|  |TAMS 0x00000000a1500000, 0x00000000a1500000| Untracked 
|   8|0x00000000a1600000, 0x00000000a1600000, 0x00000000a1700000|  0%| F|  |TAMS 0x00000000a1600000, 0x00000000a1600000| Untracked 
|   9|0x00000000a1700000, 0x00000000a1700000, 0x00000000a1800000|  0%| F|  |TAMS 0x00000000a1700000, 0x00000000a1700000| Untracked 
|  10|0x00000000a1800000, 0x00000000a1800000, 0x00000000a1900000|  0%| F|  |TAMS 0x00000000a1800000, 0x00000000a1800000| Untracked 
|  11|0x00000000a1900000, 0x00000000a1900000, 0x00000000a1a00000|  0%| F|  |TAMS 0x00000000a1900000, 0x00000000a1900000| Untracked 
|  12|0x00000000a1a00000, 0x00000000a1a00000, 0x00000000a1b00000|  0%| F|  |TAMS 0x00000000a1a00000, 0x00000000a1a00000| Untracked 
|  13|0x00000000a1b00000, 0x00000000a1b00000, 0x00000000a1c00000|  0%| F|  |TAMS 0x00000000a1b00000, 0x00000000a1b00000| Untracked 
|  14|0x00000000a1c00000, 0x00000000a1c00000, 0x00000000a1d00000|  0%| F|  |TAMS 0x00000000a1c00000, 0x00000000a1c00000| Untracked 
|  15|0x00000000a1d00000, 0x00000000a1d00000, 0x00000000a1e00000|  0%| F|  |TAMS 0x00000000a1d00000, 0x00000000a1d00000| Untracked 
|  16|0x00000000a1e00000, 0x00000000a1e00000, 0x00000000a1f00000|  0%| F|  |TAMS 0x00000000a1e00000, 0x00000000a1e00000| Untracked 
|  17|0x00000000a1f00000, 0x00000000a1f00000, 0x00000000a2000000|  0%| F|  |TAMS 0x00000000a1f00000, 0x00000000a1f00000| Untracked 
|  18|0x00000000a2000000, 0x00000000a2000000, 0x00000000a2100000|  0%| F|  |TAMS 0x00000000a2000000, 0x00000000a2000000| Untracked 
|  19|0x00000000a2100000, 0x00000000a2100000, 0x00000000a2200000|  0%| F|  |TAMS 0x00000000a2100000, 0x00000000a2100000| Untracked 
|  20|0x00000000a2200000, 0x00000000a2200000, 0x00000000a2300000|  0%| F|  |TAMS 0x00000000a2200000, 0x00000000a2200000| Untracked 
|  21|0x00000000a2300000, 0x00000000a2300000, 0x00000000a2400000|  0%| F|  |TAMS 0x00000000a2300000, 0x00000000a2300000| Untracked 
|  22|0x00000000a2400000, 0x00000000a2400000, 0x00000000a2500000|  0%| F|  |TAMS 0x00000000a2400000, 0x00000000a2400000| Untracked 
|  23|0x00000000a2500000, 0x00000000a2500000, 0x00000000a2600000|  0%| F|  |TAMS 0x00000000a2500000, 0x00000000a2500000| Untracked 
|  24|0x00000000a2600000, 0x00000000a2600000, 0x00000000a2700000|  0%| F|  |TAMS 0x00000000a2600000, 0x00000000a2600000| Untracked 
|  25|0x00000000a2700000, 0x00000000a2700000, 0x00000000a2800000|  0%| F|  |TAMS 0x00000000a2700000, 0x00000000a2700000| Untracked 
|  26|0x00000000a2800000, 0x00000000a2800000, 0x00000000a2900000|  0%| F|  |TAMS 0x00000000a2800000, 0x00000000a2800000| Untracked 
|  27|0x00000000a2900000, 0x00000000a2900000, 0x00000000a2a00000|  0%| F|  |TAMS 0x00000000a2900000, 0x00000000a2900000| Untracked 
|  28|0x00000000a2a00000, 0x00000000a2a00000, 0x00000000a2b00000|  0%| F|  |TAMS 0x00000000a2a00000, 0x00000000a2a00000| Untracked 
|  29|0x00000000a2b00000, 0x00000000a2b00000, 0x00000000a2c00000|  0%| F|  |TAMS 0x00000000a2b00000, 0x00000000a2b00000| Untracked 
|  30|0x00000000a2c00000, 0x00000000a2c00000, 0x00000000a2d00000|  0%| F|  |TAMS 0x00000000a2c00000, 0x00000000a2c00000| Untracked 
|  31|0x00000000a2d00000, 0x00000000a2d00000, 0x00000000a2e00000|  0%| F|  |TAMS 0x00000000a2d00000, 0x00000000a2d00000| Untracked 
|  32|0x00000000a2e00000, 0x00000000a2e00000, 0x00000000a2f00000|  0%| F|  |TAMS 0x00000000a2e00000, 0x00000000a2e00000| Untracked 
|  33|0x00000000a2f00000, 0x00000000a2f00000, 0x00000000a3000000|  0%| F|  |TAMS 0x00000000a2f00000, 0x00000000a2f00000| Untracked 
|  34|0x00000000a3000000, 0x00000000a3000000, 0x00000000a3100000|  0%| F|  |TAMS 0x00000000a3000000, 0x00000000a3000000| Untracked 
|  35|0x00000000a3100000, 0x00000000a3100000, 0x00000000a3200000|  0%| F|  |TAMS 0x00000000a3100000, 0x00000000a3100000| Untracked 
|  36|0x00000000a3200000, 0x00000000a3200000, 0x00000000a3300000|  0%| F|  |TAMS 0x00000000a3200000, 0x00000000a3200000| Untracked 
|  37|0x00000000a3300000, 0x00000000a3300000, 0x00000000a3400000|  0%| F|  |TAMS 0x00000000a3300000, 0x00000000a3300000| Untracked 
|  38|0x00000000a3400000, 0x00000000a3400000, 0x00000000a3500000|  0%| F|  |TAMS 0x00000000a3400000, 0x00000000a3400000| Untracked 
|  39|0x00000000a3500000, 0x00000000a3500000, 0x00000000a3600000|  0%| F|  |TAMS 0x00000000a3500000, 0x00000000a3500000| Untracked 
|  40|0x00000000a3600000, 0x00000000a3600000, 0x00000000a3700000|  0%| F|  |TAMS 0x00000000a3600000, 0x00000000a3600000| Untracked 
|  41|0x00000000a3700000, 0x00000000a3700000, 0x00000000a3800000|  0%| F|  |TAMS 0x00000000a3700000, 0x00000000a3700000| Untracked 
|  42|0x00000000a3800000, 0x00000000a3800000, 0x00000000a3900000|  0%| F|  |TAMS 0x00000000a3800000, 0x00000000a3800000| Untracked 
|  43|0x00000000a3900000, 0x00000000a3900000, 0x00000000a3a00000|  0%| F|  |TAMS 0x00000000a3900000, 0x00000000a3900000| Untracked 
|  44|0x00000000a3a00000, 0x00000000a3a00000, 0x00000000a3b00000|  0%| F|  |TAMS 0x00000000a3a00000, 0x00000000a3a00000| Untracked 
|  45|0x00000000a3b00000, 0x00000000a3b00000, 0x00000000a3c00000|  0%| F|  |TAMS 0x00000000a3b00000, 0x00000000a3b00000| Untracked 
|  46|0x00000000a3c00000, 0x00000000a3c00000, 0x00000000a3d00000|  0%| F|  |TAMS 0x00000000a3c00000, 0x00000000a3c00000| Untracked 
|  47|0x00000000a3d00000, 0x00000000a3d00000, 0x00000000a3e00000|  0%| F|  |TAMS 0x00000000a3d00000, 0x00000000a3d00000| Untracked 
|  48|0x00000000a3e00000, 0x00000000a3e00000, 0x00000000a3f00000|  0%| F|  |TAMS 0x00000000a3e00000, 0x00000000a3e00000| Untracked 
|  49|0x00000000a3f00000, 0x00000000a3f00000, 0x00000000a4000000|  0%| F|  |TAMS 0x00000000a3f00000, 0x00000000a3f00000| Untracked 
|  50|0x00000000a4000000, 0x00000000a4000000, 0x00000000a4100000|  0%| F|  |TAMS 0x00000000a4000000, 0x00000000a4000000| Untracked 
|  51|0x00000000a4100000, 0x00000000a4100000, 0x00000000a4200000|  0%| F|  |TAMS 0x00000000a4100000, 0x00000000a4100000| Untracked 
|  52|0x00000000a4200000, 0x00000000a4200000, 0x00000000a4300000|  0%| F|  |TAMS 0x00000000a4200000, 0x00000000a4200000| Untracked 
|  53|0x00000000a4300000, 0x00000000a4300000, 0x00000000a4400000|  0%| F|  |TAMS 0x00000000a4300000, 0x00000000a4300000| Untracked 
|  54|0x00000000a4400000, 0x00000000a4400000, 0x00000000a4500000|  0%| F|  |TAMS 0x00000000a4400000, 0x00000000a4400000| Untracked 
|  55|0x00000000a4500000, 0x00000000a4500000, 0x00000000a4600000|  0%| F|  |TAMS 0x00000000a4500000, 0x00000000a4500000| Untracked 
|  56|0x00000000a4600000, 0x00000000a4600000, 0x00000000a4700000|  0%| F|  |TAMS 0x00000000a4600000, 0x00000000a4600000| Untracked 
|  57|0x00000000a4700000, 0x00000000a4700000, 0x00000000a4800000|  0%| F|  |TAMS 0x00000000a4700000, 0x00000000a4700000| Untracked 
|  58|0x00000000a4800000, 0x00000000a4800000, 0x00000000a4900000|  0%| F|  |TAMS 0x00000000a4800000, 0x00000000a4800000| Untracked 
|  59|0x00000000a4900000, 0x00000000a4900000, 0x00000000a4a00000|  0%| F|  |TAMS 0x00000000a4900000, 0x00000000a4900000| Untracked 
|  60|0x00000000a4a00000, 0x00000000a4a00000, 0x00000000a4b00000|  0%| F|  |TAMS 0x00000000a4a00000, 0x00000000a4a00000| Untracked 
|  61|0x00000000a4b00000, 0x00000000a4b00000, 0x00000000a4c00000|  0%| F|  |TAMS 0x00000000a4b00000, 0x00000000a4b00000| Untracked 
|  62|0x00000000a4c00000, 0x00000000a4c00000, 0x00000000a4d00000|  0%| F|  |TAMS 0x00000000a4c00000, 0x00000000a4c00000| Untracked 
|  63|0x00000000a4d00000, 0x00000000a4d00000, 0x00000000a4e00000|  0%| F|  |TAMS 0x00000000a4d00000, 0x00000000a4d00000| Untracked 
|  64|0x00000000a4e00000, 0x00000000a4e00000, 0x00000000a4f00000|  0%| F|  |TAMS 0x00000000a4e00000, 0x00000000a4e00000| Untracked 
|  65|0x00000000a4f00000, 0x00000000a4f00000, 0x00000000a5000000|  0%| F|  |TAMS 0x00000000a4f00000, 0x00000000a4f00000| Untracked 
|  66|0x00000000a5000000, 0x00000000a5000000, 0x00000000a5100000|  0%| F|  |TAMS 0x00000000a5000000, 0x00000000a5000000| Untracked 
|  67|0x00000000a5100000, 0x00000000a5100000, 0x00000000a5200000|  0%| F|  |TAMS 0x00000000a5100000, 0x00000000a5100000| Untracked 
|  68|0x00000000a5200000, 0x00000000a5200000, 0x00000000a5300000|  0%| F|  |TAMS 0x00000000a5200000, 0x00000000a5200000| Untracked 
|  69|0x00000000a5300000, 0x00000000a5300000, 0x00000000a5400000|  0%| F|  |TAMS 0x00000000a5300000, 0x00000000a5300000| Untracked 
|  70|0x00000000a5400000, 0x00000000a5400000, 0x00000000a5500000|  0%| F|  |TAMS 0x00000000a5400000, 0x00000000a5400000| Untracked 
|  71|0x00000000a5500000, 0x00000000a5500000, 0x00000000a5600000|  0%| F|  |TAMS 0x00000000a5500000, 0x00000000a5500000| Untracked 
|  72|0x00000000a5600000, 0x00000000a5600000, 0x00000000a5700000|  0%| F|  |TAMS 0x00000000a5600000, 0x00000000a5600000| Untracked 
|  73|0x00000000a5700000, 0x00000000a5700000, 0x00000000a5800000|  0%| F|  |TAMS 0x00000000a5700000, 0x00000000a5700000| Untracked 
|  74|0x00000000a5800000, 0x00000000a5800000, 0x00000000a5900000|  0%| F|  |TAMS 0x00000000a5800000, 0x00000000a5800000| Untracked 
|  75|0x00000000a5900000, 0x00000000a5900000, 0x00000000a5a00000|  0%| F|  |TAMS 0x00000000a5900000, 0x00000000a5900000| Untracked 
|  76|0x00000000a5a00000, 0x00000000a5a00000, 0x00000000a5b00000|  0%| F|  |TAMS 0x00000000a5a00000, 0x00000000a5a00000| Untracked 
|  77|0x00000000a5b00000, 0x00000000a5b00000, 0x00000000a5c00000|  0%| F|  |TAMS 0x00000000a5b00000, 0x00000000a5b00000| Untracked 
|  78|0x00000000a5c00000, 0x00000000a5c00000, 0x00000000a5d00000|  0%| F|  |TAMS 0x00000000a5c00000, 0x00000000a5c00000| Untracked 
|  79|0x00000000a5d00000, 0x00000000a5d00000, 0x00000000a5e00000|  0%| F|  |TAMS 0x00000000a5d00000, 0x00000000a5d00000| Untracked 
|  80|0x00000000a5e00000, 0x00000000a5e00000, 0x00000000a5f00000|  0%| F|  |TAMS 0x00000000a5e00000, 0x00000000a5e00000| Untracked 
|  81|0x00000000a5f00000, 0x00000000a5f00000, 0x00000000a6000000|  0%| F|  |TAMS 0x00000000a5f00000, 0x00000000a5f00000| Untracked 
|  82|0x00000000a6000000, 0x00000000a6100000, 0x00000000a6100000|100%| E|  |TAMS 0x00000000a6000000, 0x00000000a6000000| Complete 
|  83|0x00000000a6100000, 0x00000000a6200000, 0x00000000a6200000|100%| E|CS|TAMS 0x00000000a6100000, 0x00000000a6100000| Complete 
|  84|0x00000000a6200000, 0x00000000a6300000, 0x00000000a6300000|100%| E|CS|TAMS 0x00000000a6200000, 0x00000000a6200000| Complete 
|  85|0x00000000a6300000, 0x00000000a6400000, 0x00000000a6400000|100%| E|CS|TAMS 0x00000000a6300000, 0x00000000a6300000| Complete 
|  86|0x00000000a6400000, 0x00000000a6500000, 0x00000000a6500000|100%| E|CS|TAMS 0x00000000a6400000, 0x00000000a6400000| Complete 
|  87|0x00000000a6500000, 0x00000000a6600000, 0x00000000a6600000|100%| E|  |TAMS 0x00000000a6500000, 0x00000000a6500000| Complete 
|  88|0x00000000a6600000, 0x00000000a6700000, 0x00000000a6700000|100%| E|CS|TAMS 0x00000000a6600000, 0x00000000a6600000| Complete 
|  89|0x00000000a6700000, 0x00000000a6800000, 0x00000000a6800000|100%| E|CS|TAMS 0x00000000a6700000, 0x00000000a6700000| Complete 
|  90|0x00000000a6800000, 0x00000000a6900000, 0x00000000a6900000|100%| E|CS|TAMS 0x00000000a6800000, 0x00000000a6800000| Complete 
|  91|0x00000000a6900000, 0x00000000a6a00000, 0x00000000a6a00000|100%| E|CS|TAMS 0x00000000a6900000, 0x00000000a6900000| Complete 
|  92|0x00000000a6a00000, 0x00000000a6b00000, 0x00000000a6b00000|100%| E|CS|TAMS 0x00000000a6a00000, 0x00000000a6a00000| Complete 
|  93|0x00000000a6b00000, 0x00000000a6c00000, 0x00000000a6c00000|100%| E|CS|TAMS 0x00000000a6b00000, 0x00000000a6b00000| Complete 
|  94|0x00000000a6c00000, 0x00000000a6d00000, 0x00000000a6d00000|100%| E|CS|TAMS 0x00000000a6c00000, 0x00000000a6c00000| Complete 
|  95|0x00000000a6d00000, 0x00000000a6e00000, 0x00000000a6e00000|100%| E|CS|TAMS 0x00000000a6d00000, 0x00000000a6d00000| Complete 

Card table byte_map: [0x000001db6c7f0000,0x000001db6caf0000] _byte_map_base: 0x000001db6c2e9000

Marking Bits (Prev, Next): (CMBitMap*) 0x000001db57bf1dd0, (CMBitMap*) 0x000001db57bf1e10
 Prev Bits: [0x000001db6cdf0000, 0x000001db6e5b8000)
 Next Bits: [0x000001db6e5c0000, 0x000001db6fd88000)

Polling page: 0x000001db57c60000

Metaspace:

Usage:
  Non-class:      7.69 MB used.
      Class:    779.38 KB used.
       Both:      8.46 MB used.

Virtual space:
  Non-class space:        8.00 MB reserved,       7.75 MB ( 97%) committed,  1 nodes.
      Class space:        1.00 GB reserved,     896.00 KB ( <1%) committed,  1 nodes.
             Both:        1.01 GB reserved,       8.62 MB ( <1%) committed. 

Chunk freelists:
   Non-Class:  112.00 KB
       Class:  3.17 MB
        Both:  3.28 MB

MaxMetaspaceSize: unlimited
CompressedClassSpaceSize: 1.00 GB
Initial GC threshold: 21.00 MB
Current GC threshold: 21.00 MB
CDS: off
MetaspaceReclaimPolicy: balanced
 - commit_granule_bytes: 65536.
 - commit_granule_words: 8192.
 - virtual_space_node_default_size: 1048576.
 - enlarge_chunks_in_place: 1.
 - new_chunks_are_fully_committed: 0.
 - uncommit_free_chunks: 1.
 - use_allocation_guard: 0.
 - handle_deallocations: 1.


Internal statistics:

num_allocs_failed_limit: 0.
num_arena_births: 22.
num_arena_deaths: 0.
num_vsnodes_births: 2.
num_vsnodes_deaths: 0.
num_space_committed: 138.
num_space_uncommitted: 0.
num_chunks_returned_to_freelist: 0.
num_chunks_taken_from_freelist: 78.
num_chunk_merges: 0.
num_chunk_splits: 36.
num_chunks_enlarged: 24.
num_purges: 0.
num_inconsistent_stats: 0.

CodeHeap 'non-profiled nmethods': size=120000Kb used=231Kb max_used=231Kb free=119768Kb
 bounds [0x000001db64550000, 0x000001db647c0000, 0x000001db6ba80000]
CodeHeap 'profiled nmethods': size=120000Kb used=1070Kb max_used=1070Kb free=118929Kb
 bounds [0x000001db5ca80000, 0x000001db5ccf0000, 0x000001db63fb0000]
CodeHeap 'non-nmethods': size=5760Kb used=1125Kb max_used=1148Kb free=4634Kb
 bounds [0x000001db63fb0000, 0x000001db64220000, 0x000001db64550000]
 total_blobs=1011 nmethods=606 adapters=318
 compilation: enabled
              stopped_count=0, restarted_count=0
 full_count=0

Compilation events (20 events):
Event: 0.865 Thread 0x000001db7288ce60 nmethod 535 0x000001db5cb6b410 code [0x000001db5cb6b5a0, 0x000001db5cb6b6d8]
Event: 0.866 Thread 0x000001db7288ce60  537       3       java.lang.reflect.Modifier::isProtected (12 bytes)
Event: 0.866 Thread 0x000001db7288ce60 nmethod 537 0x000001db5cb6b790 code [0x000001db5cb6b920, 0x000001db5cb6ba78]
Event: 0.867 Thread 0x000001db7288ce60  538       3       java.lang.invoke.MethodType::checkPtypes (76 bytes)
Event: 0.868 Thread 0x000001db7288ce60 nmethod 538 0x000001db5cb6bb10 code [0x000001db5cb6bd80, 0x000001db5cb6c6c8]
Event: 0.868 Thread 0x000001db7288ce60  540       1       sun.invoke.util.Wrapper::basicTypeChar (5 bytes)
Event: 0.868 Thread 0x000001db7288ce60 nmethod 540 0x000001db6457e910 code [0x000001db6457eaa0, 0x000001db6457eb78]
Event: 0.868 Thread 0x000001db7288ce60  539       1       java.lang.invoke.MethodTypeForm::parameterSlotCount (5 bytes)
Event: 0.868 Thread 0x000001db7288ce60 nmethod 539 0x000001db6457ec10 code [0x000001db6457eda0, 0x000001db6457ee78]
Event: 0.869 Thread 0x000001db7288ce60  541       3       java.util.Arrays::equals (57 bytes)
Event: 0.869 Thread 0x000001db7288ce60 nmethod 541 0x000001db5cb6ca90 code [0x000001db5cb6cc80, 0x000001db5cb6d248]
Event: 0.870 Thread 0x000001db7288ce60  542       3       java.util.Optional::ofNullable (19 bytes)
Event: 0.870 Thread 0x000001db737dfac0 nmethod 533% 0x000001db6457ef10 code [0x000001db6457f0a0, 0x000001db6457f478]
Event: 0.870 Thread 0x000001db737dfac0  536       4       java.util.Arrays::copyOfRange (64 bytes)
Event: 0.871 Thread 0x000001db7288ce60 nmethod 542 0x000001db5cb6d410 code [0x000001db5cb6d5c0, 0x000001db5cb6d878]
Event: 0.871 Thread 0x000001db73b23090 nmethod 534% 0x000001db6457f610 code [0x000001db6457f7a0, 0x000001db6457fbb8]
Event: 0.871 Thread 0x000001db7288ce60  543       3       jdk.internal.access.SharedSecrets::javaUtilJarAccess (19 bytes)
Event: 0.871 Thread 0x000001db7288ce60 nmethod 543 0x000001db5cb6d990 code [0x000001db5cb6db80, 0x000001db5cb6df28]
Event: 0.872 Thread 0x000001db7288ce60  544       3       sun.invoke.util.VerifyAccess::isSamePackage (37 bytes)
Event: 0.873 Thread 0x000001db737dfac0 nmethod 536 0x000001db6457fd90 code [0x000001db6457ff20, 0x000001db64580218]

GC Heap History (0 events):
No events

Dll operation events (5 events):
Event: 0.014 Loaded shared library C:\Users\sumit\OneDrive\Desktop\sts-4.18.0.RELEASE\plugins\org.eclipse.justj.openjdk.hotspot.jre.full.win32.x86_64_17.0.6.v20230204-1729\jre\bin\java.dll
Event: 0.349 Loaded shared library C:\Users\sumit\OneDrive\Desktop\sts-4.18.0.RELEASE\plugins\org.eclipse.justj.openjdk.hotspot.jre.full.win32.x86_64_17.0.6.v20230204-1729\jre\bin\net.dll
Event: 0.354 Loaded shared library C:\Users\sumit\OneDrive\Desktop\sts-4.18.0.RELEASE\plugins\org.eclipse.justj.openjdk.hotspot.jre.full.win32.x86_64_17.0.6.v20230204-1729\jre\bin\nio.dll
Event: 0.372 Loaded shared library C:\Users\sumit\OneDrive\Desktop\sts-4.18.0.RELEASE\plugins\org.eclipse.justj.openjdk.hotspot.jre.full.win32.x86_64_17.0.6.v20230204-1729\jre\bin\zip.dll
Event: 0.668 Loaded shared library C:\Users\sumit\OneDrive\Desktop\sts-4.18.0.RELEASE\plugins\org.eclipse.justj.openjdk.hotspot.jre.full.win32.x86_64_17.0.6.v20230204-1729\jre\bin\jimage.dll

Deoptimization events (20 events):
Event: 0.494 Thread 0x000001db57ba4860 DEOPT PACKING pc=0x000001db5cab13e8 sp=0x0000001bfaafd990
Event: 0.494 Thread 0x000001db57ba4860 DEOPT UNPACKING pc=0x000001db64007143 sp=0x0000001bfaafce20 mode 0
Event: 0.510 Thread 0x000001db57ba4860 DEOPT PACKING pc=0x000001db5cab13e8 sp=0x0000001bfaafd920
Event: 0.510 Thread 0x000001db57ba4860 DEOPT UNPACKING pc=0x000001db64007143 sp=0x0000001bfaafcdb0 mode 0
Event: 0.510 Thread 0x000001db57ba4860 DEOPT PACKING pc=0x000001db5cac09ac sp=0x0000001bfaafd860
Event: 0.510 Thread 0x000001db57ba4860 DEOPT UNPACKING pc=0x000001db64007143 sp=0x0000001bfaafcd10 mode 0
Event: 0.526 Thread 0x000001db57ba4860 Uncommon trap: trap_request=0xffffff45 fr.pc=0x000001db64563474 relative=0x0000000000000174
Event: 0.526 Thread 0x000001db57ba4860 Uncommon trap: reason=unstable_if action=reinterpret pc=0x000001db64563474 method=java.lang.StringCoding.hasNegatives([BII)Z @ 12 c2
Event: 0.526 Thread 0x000001db57ba4860 DEOPT PACKING pc=0x000001db64563474 sp=0x0000001bfaafd820
Event: 0.526 Thread 0x000001db57ba4860 DEOPT UNPACKING pc=0x000001db640069a3 sp=0x0000001bfaafd7b0 mode 2
Event: 0.576 Thread 0x000001db57ba4860 DEOPT PACKING pc=0x000001db5caf51d6 sp=0x0000001bfaafee80
Event: 0.576 Thread 0x000001db57ba4860 DEOPT UNPACKING pc=0x000001db64007143 sp=0x0000001bfaafe308 mode 0
Event: 0.695 Thread 0x000001db57ba4860 DEOPT PACKING pc=0x000001db5ca900e5 sp=0x0000001bfaafd950
Event: 0.695 Thread 0x000001db57ba4860 DEOPT UNPACKING pc=0x000001db64007143 sp=0x0000001bfaafcdc8 mode 0
Event: 0.699 Thread 0x000001db57ba4860 Uncommon trap: trap_request=0xffffff45 fr.pc=0x000001db6455a1e4 relative=0x0000000000000064
Event: 0.699 Thread 0x000001db57ba4860 Uncommon trap: reason=unstable_if action=reinterpret pc=0x000001db6455a1e4 method=java.io.WinNTFileSystem.isSlash(C)Z @ 9 c2
Event: 0.699 Thread 0x000001db57ba4860 DEOPT PACKING pc=0x000001db6455a1e4 sp=0x0000001bfaafd9b0
Event: 0.699 Thread 0x000001db57ba4860 DEOPT UNPACKING pc=0x000001db640069a3 sp=0x0000001bfaafd938 mode 2
Event: 0.703 Thread 0x000001db57ba4860 DEOPT PACKING pc=0x000001db5caf51d6 sp=0x0000001bfaafcd60
Event: 0.703 Thread 0x000001db57ba4860 DEOPT UNPACKING pc=0x000001db64007143 sp=0x0000001bfaafc1e8 mode 0

Classes unloaded (0 events):
No events

Classes redefined (0 events):
No events

Internal exceptions (5 events):
Event: 0.741 Thread 0x000001db57ba4860 Exception <a 'java/lang/NoSuchMethodError'{0x00000000a62e1ec8}: 'void java.lang.invoke.DirectMethodHandle$Holder.invokeStatic(java.lang.Object, java.lang.Object, java.lang.Object)'> (0x00000000a62e1ec8) 
thrown [s\src\hotspot\share\interpreter\linkResolver.cpp, line 759]
Event: 0.793 Thread 0x000001db57ba4860 Exception <a 'java/lang/NoSuchMethodError'{0x00000000a618c278}: 'java.lang.Object java.lang.invoke.DirectMethodHandle$Holder.invokeVirtual(java.lang.Object, java.lang.Object, java.lang.Object)'> (0x00000000a618c278) 
thrown [s\src\hotspot\share\interpreter\linkResolver.cpp, line 759]
Event: 0.832 Thread 0x000001db57ba4860 Exception <a 'java/lang/NoSuchMethodError'{0x00000000a61a0bf0}: 'java.lang.Object java.lang.invoke.DirectMethodHandle$Holder.invokeStaticInit(java.lang.Object)'> (0x00000000a61a0bf0) 
thrown [s\src\hotspot\share\interpreter\linkResolver.cpp, line 759]
Event: 0.845 Thread 0x000001db57ba4860 Exception <a 'java/lang/NoSuchMethodError'{0x00000000a61adf60}: 'void java.lang.invoke.DirectMethodHandle$Holder.invokeStatic(java.lang.Object, java.lang.Object)'> (0x00000000a61adf60) 
thrown [s\src\hotspot\share\interpreter\linkResolver.cpp, line 759]
Event: 0.867 Thread 0x000001db57ba4860 Exception <a 'java/lang/NoSuchMethodError'{0x00000000a600acc8}: 'void java.lang.invoke.DirectMethodHandle$Holder.invokeSpecial(java.lang.Object, java.lang.Object, java.lang.Object)'> (0x00000000a600acc8) 
thrown [s\src\hotspot\share\interpreter\linkResolver.cpp, line 759]

VM Operations (6 events):
Event: 0.384 Executing VM operation: HandshakeAllThreads
Event: 0.384 Executing VM operation: HandshakeAllThreads done
Event: 0.699 Executing VM operation: HandshakeAllThreads
Event: 0.699 Executing VM operation: HandshakeAllThreads done
Event: 0.810 Executing VM operation: HandshakeAllThreads
Event: 0.810 Executing VM operation: HandshakeAllThreads done

Events (20 events):
Event: 0.851 loading class java/net/Socket$SocketOutputStream done
Event: 0.851 loading class sun/nio/ch/NioSocketImpl$2
Event: 0.851 loading class sun/nio/ch/NioSocketImpl$2 done
Event: 0.851 loading class java/lang/invoke/VarHandle$AccessDescriptor
Event: 0.851 loading class java/lang/invoke/VarHandle$AccessDescriptor done
Event: 0.851 loading class java/net/Socket$SocketInputStream
Event: 0.851 loading class java/net/Socket$SocketInputStream done
Event: 0.852 loading class sun/nio/ch/NioSocketImpl$1
Event: 0.852 loading class sun/nio/ch/NioSocketImpl$1 done
Event: 0.855 Thread 0x000001db73da7280 Thread added: 0x000001db73da7280
Event: 0.855 loading class sun/nio/ch/Util
Event: 0.856 loading class sun/nio/ch/Util done
Event: 0.856 loading class sun/nio/ch/Util$1
Event: 0.856 loading class sun/nio/ch/Util$1 done
Event: 0.856 loading class sun/nio/ch/Util$BufferCache
Event: 0.856 loading class sun/nio/ch/Util$BufferCache done
Event: 0.856 loading class java/nio/DirectByteBuffer$Deallocator
Event: 0.856 loading class java/nio/DirectByteBuffer$Deallocator done
Event: 0.864 loading class java/net/URISyntaxException
Event: 0.864 loading class java/net/URISyntaxException done


Dynamic libraries:
0x00007ff7fb4b0000 - 0x00007ff7fb4be000 	C:\Users\sumit\OneDrive\Desktop\sts-4.18.0.RELEASE\plugins\org.eclipse.justj.openjdk.hotspot.jre.full.win32.x86_64_17.0.6.v20230204-1729\jre\bin\javaw.exe
0x00007ff97c490000 - 0x00007ff97c688000 	C:\WINDOWS\SYSTEM32\ntdll.dll
0x00007ff97b640000 - 0x00007ff97b6ff000 	C:\WINDOWS\System32\KERNEL32.DLL
0x00007ff979d20000 - 0x00007ff979ff2000 	C:\WINDOWS\System32\KERNELBASE.dll
0x00007ff97a070000 - 0x00007ff97a170000 	C:\WINDOWS\System32\ucrtbase.dll
0x00007ff972600000 - 0x00007ff972617000 	C:\Users\sumit\OneDrive\Desktop\sts-4.18.0.RELEASE\plugins\org.eclipse.justj.openjdk.hotspot.jre.full.win32.x86_64_17.0.6.v20230204-1729\jre\bin\jli.dll
0x00007ff97a830000 - 0x00007ff97a9cd000 	C:\WINDOWS\System32\USER32.dll
0x00007ff97a350000 - 0x00007ff97a372000 	C:\WINDOWS\System32\win32u.dll
0x00007ff97aa00000 - 0x00007ff97aa2b000 	C:\WINDOWS\System32\GDI32.dll
0x00007ff97a170000 - 0x00007ff97a27f000 	C:\WINDOWS\System32\gdi32full.dll
0x00007ff97a2b0000 - 0x00007ff97a34d000 	C:\WINDOWS\System32\msvcp_win.dll
0x00007ff960a10000 - 0x00007ff960caa000 	C:\WINDOWS\WinSxS\amd64_microsoft.windows.common-controls_6595b64144ccf1df_6.0.19041.1110_none_60b5254171f9507e\COMCTL32.dll
0x00007ff971f40000 - 0x00007ff971f59000 	C:\Users\sumit\OneDrive\Desktop\sts-4.18.0.RELEASE\plugins\org.eclipse.justj.openjdk.hotspot.jre.full.win32.x86_64_17.0.6.v20230204-1729\jre\bin\VCRUNTIME140.dll
0x00007ff97ac50000 - 0x00007ff97acee000 	C:\WINDOWS\System32\msvcrt.dll
0x00007ff97b830000 - 0x00007ff97b862000 	C:\WINDOWS\System32\IMM32.DLL
0x00007ff974960000 - 0x00007ff97496c000 	C:\Users\sumit\OneDrive\Desktop\sts-4.18.0.RELEASE\plugins\org.eclipse.justj.openjdk.hotspot.jre.full.win32.x86_64_17.0.6.v20230204-1729\jre\bin\vcruntime140_1.dll
0x00007ff9556f0000 - 0x00007ff955781000 	C:\Users\sumit\OneDrive\Desktop\sts-4.18.0.RELEASE\plugins\org.eclipse.justj.openjdk.hotspot.jre.full.win32.x86_64_17.0.6.v20230204-1729\jre\bin\msvcp140.dll
0x00007ff93ebb0000 - 0x00007ff93f7f7000 	C:\Users\sumit\OneDrive\Desktop\sts-4.18.0.RELEASE\plugins\org.eclipse.justj.openjdk.hotspot.jre.full.win32.x86_64_17.0.6.v20230204-1729\jre\bin\server\jvm.dll
0x00007ff97ad50000 - 0x00007ff97adfe000 	C:\WINDOWS\System32\ADVAPI32.dll
0x00007ff97abb0000 - 0x00007ff97ac4c000 	C:\WINDOWS\System32\sechost.dll
0x00007ff97a4f0000 - 0x00007ff97a615000 	C:\WINDOWS\System32\RPCRT4.dll
0x00007ff978fb0000 - 0x00007ff978fb9000 	C:\WINDOWS\SYSTEM32\WSOCK32.dll
0x00007ff96f150000 - 0x00007ff96f177000 	C:\WINDOWS\SYSTEM32\WINMM.dll
0x00007ff96f180000 - 0x00007ff96f18a000 	C:\WINDOWS\SYSTEM32\VERSION.dll
0x00007ff97b5d0000 - 0x00007ff97b63b000 	C:\WINDOWS\System32\WS2_32.dll
0x00007ff976c60000 - 0x00007ff976c72000 	C:\WINDOWS\SYSTEM32\kernel.appcore.dll
0x00007ff976460000 - 0x00007ff97646a000 	C:\Users\sumit\OneDrive\Desktop\sts-4.18.0.RELEASE\plugins\org.eclipse.justj.openjdk.hotspot.jre.full.win32.x86_64_17.0.6.v20230204-1729\jre\bin\jimage.dll
0x00007ff9794b0000 - 0x00007ff979694000 	C:\WINDOWS\SYSTEM32\DBGHELP.DLL
0x00007ff979480000 - 0x00007ff9794ac000 	C:\WINDOWS\SYSTEM32\dbgcore.DLL
0x00007ff979b90000 - 0x00007ff979c12000 	C:\WINDOWS\System32\bcryptPrimitives.dll
0x00007ff971f60000 - 0x00007ff971f85000 	C:\Users\sumit\OneDrive\Desktop\sts-4.18.0.RELEASE\plugins\org.eclipse.justj.openjdk.hotspot.jre.full.win32.x86_64_17.0.6.v20230204-1729\jre\bin\java.dll
0x00007ff961bf0000 - 0x00007ff961c08000 	C:\Users\sumit\OneDrive\Desktop\sts-4.18.0.RELEASE\plugins\org.eclipse.justj.openjdk.hotspot.jre.full.win32.x86_64_17.0.6.v20230204-1729\jre\bin\zip.dll
0x00007ff97b870000 - 0x00007ff97bfb3000 	C:\WINDOWS\System32\SHELL32.dll
0x00007ff976f60000 - 0x00007ff9776f2000 	C:\WINDOWS\SYSTEM32\windows.storage.dll
0x00007ff97c0f0000 - 0x00007ff97c444000 	C:\WINDOWS\System32\combase.dll
0x00007ff978e90000 - 0x00007ff978ec0000 	C:\WINDOWS\SYSTEM32\Wldp.dll
0x00007ff97af70000 - 0x00007ff97b01d000 	C:\WINDOWS\System32\SHCORE.dll
0x00007ff97a7d0000 - 0x00007ff97a825000 	C:\WINDOWS\System32\shlwapi.dll
0x00007ff979ad0000 - 0x00007ff979aef000 	C:\WINDOWS\SYSTEM32\profapi.dll
0x00007ff952aa0000 - 0x00007ff952ab9000 	C:\Users\sumit\OneDrive\Desktop\sts-4.18.0.RELEASE\plugins\org.eclipse.justj.openjdk.hotspot.jre.full.win32.x86_64_17.0.6.v20230204-1729\jre\bin\net.dll
0x00007ff969a50000 - 0x00007ff969b5c000 	C:\WINDOWS\SYSTEM32\WINHTTP.dll
0x00007ff978d60000 - 0x00007ff978dca000 	C:\WINDOWS\system32\mswsock.dll
0x00007ff952860000 - 0x00007ff952875000 	C:\Users\sumit\OneDrive\Desktop\sts-4.18.0.RELEASE\plugins\org.eclipse.justj.openjdk.hotspot.jre.full.win32.x86_64_17.0.6.v20230204-1729\jre\bin\nio.dll
0x00007ff9788e0000 - 0x00007ff97891b000 	C:\WINDOWS\SYSTEM32\IPHLPAPI.DLL
0x00007ff97b5c0000 - 0x00007ff97b5c8000 	C:\WINDOWS\System32\NSI.dll
0x00007ff9703d0000 - 0x00007ff9703e7000 	C:\WINDOWS\SYSTEM32\dhcpcsvc6.DLL
0x00007ff970340000 - 0x00007ff97035d000 	C:\WINDOWS\SYSTEM32\dhcpcsvc.DLL
0x00007ff978920000 - 0x00007ff9789ea000 	C:\WINDOWS\SYSTEM32\DNSAPI.dll

dbghelp: loaded successfully - version: 4.0.5 - missing functions: none
symbol engine: initialized successfully - sym options: 0x614 - pdb path: .;C:\Users\sumit\OneDrive\Desktop\sts-4.18.0.RELEASE\plugins\org.eclipse.justj.openjdk.hotspot.jre.full.win32.x86_64_17.0.6.v20230204-1729\jre\bin;C:\WINDOWS\SYSTEM32;C:\WINDOWS\WinSxS\amd64_microsoft.windows.common-controls_6595b64144ccf1df_6.0.19041.1110_none_60b5254171f9507e;C:\Users\sumit\OneDrive\Desktop\sts-4.18.0.RELEASE\plugins\org.eclipse.justj.openjdk.hotspot.jre.full.win32.x86_64_17.0.6.v20230204-1729\jre\bin\server

VM Arguments:
jvm_args: -ea -Dfile.encoding=UTF-8 -XX:+ShowCodeDetailsInExceptionMessages 
java_command: org.eclipse.jdt.internal.junit.runner.RemoteTestRunner -version 3 -port 51850 -testLoaderClass org.eclipse.jdt.internal.junit5.runner.JUnit5TestLoader -loaderpluginname org.eclipse.jdt.junit5.runtime -classNames com.axis.LoginServiceApplicationTests
java_class_path (initial): E:\onlinebanking11\complete_backend-master\Login_Service\target\test-classes;E:\onlinebanking11\complete_backend-master\Login_Service\target\classes;C:\Users\sumit\.m2\repository\org\springframework\boot\spring-boot-starter-data-jpa\2.7.12\spring-boot-starter-data-jpa-2.7.12.jar;C:\Users\sumit\.m2\repository\org\springframework\boot\spring-boot-starter-aop\2.7.12\spring-boot-starter-aop-2.7.12.jar;C:\Users\sumit\.m2\repository\org\aspectj\aspectjweaver\1.9.7\aspectjweaver-1.9.7.jar;C:\Users\sumit\.m2\repository\org\springframework\boot\spring-boot-starter-jdbc\2.7.12\spring-boot-starter-jdbc-2.7.12.jar;C:\Users\sumit\.m2\repository\com\zaxxer\HikariCP\4.0.3\HikariCP-4.0.3.jar;C:\Users\sumit\.m2\repository\org\springframework\spring-jdbc\5.3.27\spring-jdbc-5.3.27.jar;C:\Users\sumit\.m2\repository\jakarta\transaction\jakarta.transaction-api\1.3.3\jakarta.transaction-api-1.3.3.jar;C:\Users\sumit\.m2\repository\jakarta\persistence\jakarta.persistence-api\2.2.3\jakarta.persistence-api-2.2.3.jar;C:\Users\sumit\.m2\repository\org\hibernate\hibernate-core\5.6.15.Final\hibernate-core-5.6.15.Final.jar;C:\Users\sumit\.m2\repository\org\jboss\logging\jboss-logging\3.4.3.Final\jboss-logging-3.4.3.Final.jar;C:\Users\sumit\.m2\repository\net\bytebuddy\byte-buddy\1.12.23\byte-buddy-1.12.23.jar;C:\Users\sumit\.m2\repository\antlr\antlr\2.7.7\antlr-2.7.7.jar;C:\Users\sumit\.m2\repository\org\jboss\jandex\2.4.2.Final\jandex-2.4.2.Final.jar;C:\Users\sumit\.m2\repository\com\fasterxml\classmate\1.5.1\classmate-1.5.1.jar;C:\Users\sumit\.m2\repository\org\hibernate\common\hibernate-commons-annotations\5.1.2.Final\hibernate-commons-annotations-5.1.2.Final.jar;C:\Users\sumit\.m2\repository\org\glassfish\jaxb\jaxb-runtime\2.3.8\jaxb-runtime-2.3.8.jar;C:\Users\sumit\.m2\repository\org\glassfish\jaxb\txw2\2.3.8\txw2-2.3.8.jar;C:\Users\sumit\.m2\repository\com\sun\istack\istack-commons-runtime\3.0.12\istack-commons-runtime-3.0.12.jar;C:\Users\sumit\.m2\repository\or
Launcher Type: SUN_STANDARD

[Global flags]
     intx CICompilerCount                          = 4                                         {product} {ergonomic}
     uint ConcGCThreads                            = 2                                         {product} {ergonomic}
     uint G1ConcRefinementThreads                  = 8                                         {product} {ergonomic}
   size_t G1HeapRegionSize                         = 1048576                                   {product} {ergonomic}
    uintx GCDrainStackTargetSize                   = 64                                        {product} {ergonomic}
   size_t InitialHeapSize                          = 100663296                                 {product} {ergonomic}
   size_t MarkStackSize                            = 4194304                                   {product} {ergonomic}
   size_t MaxHeapSize                              = 1595932672                                {product} {ergonomic}
   size_t MaxNewSize                               = 957349888                                 {product} {ergonomic}
   size_t MinHeapDeltaBytes                        = 1048576                                   {product} {ergonomic}
   size_t MinHeapSize                              = 8388608                                   {product} {ergonomic}
    uintx NonNMethodCodeHeapSize                   = 5839372                                {pd product} {ergonomic}
    uintx NonProfiledCodeHeapSize                  = 122909434                              {pd product} {ergonomic}
    uintx ProfiledCodeHeapSize                     = 122909434                              {pd product} {ergonomic}
    uintx ReservedCodeCacheSize                    = 251658240                              {pd product} {ergonomic}
     bool SegmentedCodeCache                       = true                                      {product} {ergonomic}
     bool ShowCodeDetailsInExceptionMessages       = true                                   {manageable} {command line}
   size_t SoftMaxHeapSize                          = 1595932672                             {manageable} {ergonomic}
     bool UseCompressedClassPointers               = true                           {product lp64_product} {ergonomic}
     bool UseCompressedOops                        = true                           {product lp64_product} {ergonomic}
     bool UseG1GC                                  = true                                      {product} {ergonomic}
     bool UseLargePagesIndividualAllocation        = false                                  {pd product} {ergonomic}

Logging:
Log output configuration:
 #0: stdout all=warning uptime,level,tags
 #1: stderr all=off uptime,level,tags

Environment Variables:
PATH=C:/Users/sumit/OneDrive/Desktop/sts-4.18.0.RELEASE//plugins/org.eclipse.justj.openjdk.hotspot.jre.full.win32.x86_64_17.0.6.v20230204-1729/jre/bin/server;C:/Users/sumit/OneDrive/Desktop/sts-4.18.0.RELEASE//plugins/org.eclipse.justj.openjdk.hotspot.jre.full.win32.x86_64_17.0.6.v20230204-1729/jre/bin;C:\Program Files\Common Files\Oracle\Java\javapath;C:\WINDOWS\system32;C:\WINDOWS;C:\WINDOWS\System32\Wbem;C:\WINDOWS\System32\WindowsPowerShell\v1.0\;C:\WINDOWS\System32\OpenSSH\;C:\OpenCV\opencv\build\x64\vc15\bin;C:\OpenCV\opencv\build\x64\vc15\lib;C:\Program Files\Git\cmd;C:\Program Files\nodejs\;C:\Program Files\Docker\Docker\resources\bin;C:\Users\sumit\AppData\Local\Microsoft\WindowsApps;C:\Users\sumit\AppData\Local\Programs\Microsoft VS Code\bin;C:\OpenCV\opencv\build\x64\vc15\bin;C:\OpenCV\opencv\build\x64\vc15\lib;C:\Program Files\Java\jdk-19\bin;C:\Users\sumit\AppData\Roaming\npm;C:\Program Files\Docker Toolbox;C:\Users\sumit\OneDrive\Desktop\sts-4.18.0.RELEASE;
USERNAME=sumit
OS=Windows_NT
PROCESSOR_IDENTIFIER=AMD64 Family 23 Model 24 Stepping 1, AuthenticAMD
TMP=C:\Users\sumit\AppData\Local\Temp
TEMP=C:\Users\sumit\AppData\Local\Temp



---------------  S Y S T E M  ---------------

OS:
 Windows 10 , 64 bit Build 19041 (10.0.19041.2251)
OS uptime: 1 days 10:17 hours

CPU: total 8 (initial active 8) (8 cores per cpu, 2 threads per core) family 23 model 24 stepping 1 microcode 0x0, cx8, cmov, fxsr, ht, mmx, 3dnowpref, sse, sse2, sse3, ssse3, sse4a, sse4.1, sse4.2, popcnt, lzcnt, tsc, tscinvbit, avx, avx2, aes, clmul, bmi1, bmi2, adx, sha, fma, vzeroupper, clflush, clflushopt

Memory: 4k page, system-wide physical 6082M (1152M free)
TotalPageFile size 18882M (AvailPageFile size 10444M)
current process WorkingSet (physical memory assigned to process): 67M, peak: 67M
current process commit charge ("private bytes"): 191M, peak: 191M

vm_info: OpenJDK 64-Bit Server VM (17.0.6+10) for windows-amd64 JRE (17.0.6+10), built on Jan 18 2023 10:08:59 by "temurin" with MS VC++ 16.7 (VS2019)

END.
